<?xml version="1.0" encoding="UTF-8"?>
<testng-results skipped="0" failed="1" total="4" passed="3">
  <reporter-output>
  </reporter-output>
  <suite name="Suite" duration-ms="28928" started-at="2020-05-15T21:32:22Z" finished-at="2020-05-15T21:32:51Z">
    <groups>
    </groups>
    <test name="Validating Navigaytion Bar" duration-ms="14247" started-at="2020-05-15T21:32:22Z" finished-at="2020-05-15T21:32:37Z">
      <class name="com.testngframework.ValidateNavigationBar">
        <test-method status="PASS" signature="initilize()[pri:0, instance:com.testngframework.ValidateNavigationBar@3fc2959f]" name="initilize" is-config="true" duration-ms="13867" started-at="2020-05-15T17:32:22Z" finished-at="2020-05-15T17:32:36Z">
          <reporter-output>
          </reporter-output>
        </test-method> <!-- initilize -->
        <test-method status="PASS" signature="basePageNavigation()[pri:0, instance:com.testngframework.ValidateNavigationBar@3fc2959f]" name="basePageNavigation" duration-ms="144" started-at="2020-05-15T17:32:36Z" finished-at="2020-05-15T17:32:37Z">
          <reporter-output>
          </reporter-output>
        </test-method> <!-- basePageNavigation -->
        <test-method status="PASS" signature="tearDown()[pri:0, instance:com.testngframework.ValidateNavigationBar@3fc2959f]" name="tearDown" is-config="true" duration-ms="220" started-at="2020-05-15T17:32:37Z" finished-at="2020-05-15T17:32:37Z">
          <reporter-output>
          </reporter-output>
        </test-method> <!-- tearDown -->
      </class> <!-- com.testngframework.ValidateNavigationBar -->
    </test> <!-- Validating Navigaytion Bar -->
    <test name="Validating Title" duration-ms="15423" started-at="2020-05-15T21:32:22Z" finished-at="2020-05-15T21:32:38Z">
      <class name="com.testngframework.ValidateTitle">
        <test-method status="PASS" signature="initilize()[pri:0, instance:com.testngframework.ValidateTitle@36ebc363]" name="initilize" is-config="true" duration-ms="13879" started-at="2020-05-15T17:32:22Z" finished-at="2020-05-15T17:32:36Z">
          <reporter-output>
          </reporter-output>
        </test-method> <!-- initilize -->
        <test-method status="FAIL" signature="basePageNavigation()[pri:0, instance:com.testngframework.ValidateTitle@36ebc363]" name="basePageNavigation" duration-ms="94" started-at="2020-05-15T17:32:36Z" finished-at="2020-05-15T17:32:36Z">
          <exception class="java.lang.AssertionError">
            <message>
              <![CDATA[expected [FEATURED COURSES120] but found [FEATURED COURSES]]]>
            </message>
            <full-stacktrace>
              <![CDATA[java.lang.AssertionError: expected [FEATURED COURSES120] but found [FEATURED COURSES]
	at org.testng.Assert.fail(Assert.java:94)
	at org.testng.Assert.failNotEquals(Assert.java:513)
	at org.testng.Assert.assertEqualsImpl(Assert.java:135)
	at org.testng.Assert.assertEquals(Assert.java:116)
	at org.testng.Assert.assertEquals(Assert.java:190)
	at org.testng.Assert.assertEquals(Assert.java:200)
	at com.testngframework.ValidateTitle.basePageNavigation(ValidateTitle.java:35)
	at sun.reflect.NativeMethodAccessorImpl.invoke0(Native Method)
	at sun.reflect.NativeMethodAccessorImpl.invoke(NativeMethodAccessorImpl.java:62)
	at sun.reflect.DelegatingMethodAccessorImpl.invoke(DelegatingMethodAccessorImpl.java:43)
	at java.lang.reflect.Method.invoke(Method.java:498)
	at org.testng.internal.MethodInvocationHelper.invokeMethod(MethodInvocationHelper.java:86)
	at org.testng.internal.Invoker.invokeMethod(Invoker.java:643)
	at org.testng.internal.Invoker.invokeTestMethod(Invoker.java:820)
	at org.testng.internal.Invoker.invokeTestMethods(Invoker.java:1128)
	at org.testng.internal.TestMethodWorker.invokeTestMethods(TestMethodWorker.java:129)
	at org.testng.internal.TestMethodWorker.run(TestMethodWorker.java:112)
	at org.testng.TestRunner.privateRun(TestRunner.java:782)
	at org.testng.TestRunner.run(TestRunner.java:632)
	at org.testng.SuiteRunner.runTest(SuiteRunner.java:366)
	at org.testng.SuiteRunner.access$000(SuiteRunner.java:39)
	at org.testng.SuiteRunner$SuiteWorker.run(SuiteRunner.java:400)
	at org.testng.internal.thread.ThreadUtil$2.call(ThreadUtil.java:64)
	at java.util.concurrent.FutureTask.run(FutureTask.java:266)
	at java.util.concurrent.ThreadPoolExecutor.runWorker(ThreadPoolExecutor.java:1149)
	at java.util.concurrent.ThreadPoolExecutor$Worker.run(ThreadPoolExecutor.java:624)
	at java.lang.Thread.run(Thread.java:748)
]]>
            </full-stacktrace>
          </exception> <!-- java.lang.AssertionError -->
          <reporter-output>
          </reporter-output>
        </test-method> <!-- basePageNavigation -->
        <test-method status="PASS" signature="tearDown()[pri:0, instance:com.testngframework.ValidateTitle@36ebc363]" name="tearDown" is-config="true" duration-ms="333" started-at="2020-05-15T17:32:38Z" finished-at="2020-05-15T17:32:38Z">
          <reporter-output>
          </reporter-output>
        </test-method> <!-- tearDown -->
      </class> <!-- com.testngframework.ValidateTitle -->
    </test> <!-- Validating Title -->
    <test name="Validating Home Page" duration-ms="28928" started-at="2020-05-15T21:32:22Z" finished-at="2020-05-15T21:32:51Z">
      <class name="com.testngframework.HomePageNew">
        <test-method status="PASS" signature="initilize()[pri:0, instance:com.testngframework.HomePageNew@662ac478]" name="initilize" is-config="true" duration-ms="13784" started-at="2020-05-15T17:32:22Z" finished-at="2020-05-15T17:32:36Z">
          <reporter-output>
          </reporter-output>
        </test-method> <!-- initilize -->
        <test-method status="PASS" signature="basePageNavigation(java.lang.String, java.lang.String, java.lang.String)[pri:0, instance:com.testngframework.HomePageNew@662ac478]" name="basePageNavigation" duration-ms="6553" started-at="2020-05-15T17:32:36Z" data-provider="getData" finished-at="2020-05-15T17:32:43Z">
          <params>
            <param index="0">
              <value>
                <![CDATA[nonrestricteduser@qw.com]]>
              </value>
            </param>
            <param index="1">
              <value>
                <![CDATA[123456]]>
              </value>
            </param>
            <param index="2">
              <value>
                <![CDATA[Restricted User]]>
              </value>
            </param>
          </params>
          <reporter-output>
          </reporter-output>
        </test-method> <!-- basePageNavigation -->
        <test-method status="PASS" signature="basePageNavigation(java.lang.String, java.lang.String, java.lang.String)[pri:0, instance:com.testngframework.HomePageNew@662ac478]" name="basePageNavigation" duration-ms="4462" started-at="2020-05-15T17:32:43Z" data-provider="getData" finished-at="2020-05-15T17:32:47Z">
          <params>
            <param index="0">
              <value>
                <![CDATA[restricteduser@qw.com]]>
              </value>
            </param>
            <param index="1">
              <value>
                <![CDATA[456789]]>
              </value>
            </param>
            <param index="2">
              <value>
                <![CDATA[Non restricted user]]>
              </value>
            </param>
          </params>
          <reporter-output>
          </reporter-output>
        </test-method> <!-- basePageNavigation -->
        <test-method status="PASS" signature="tearDown()[pri:0, instance:com.testngframework.HomePageNew@662ac478]" name="tearDown" is-config="true" duration-ms="4098" started-at="2020-05-15T17:32:47Z" finished-at="2020-05-15T17:32:51Z">
          <reporter-output>
          </reporter-output>
        </test-method> <!-- tearDown -->
      </class> <!-- com.testngframework.HomePageNew -->
    </test> <!-- Validating Home Page -->
  </suite> <!-- Suite -->
</testng-results>
